<?xml version="1.0" encoding="UTF-8"?>
<!-- Generated by org.testng.reporters.JUnitXMLReporter -->
<testsuite ignored="0" hostname="Shubham-Kahure" failures="0" tests="4" name="Test" time="45.024" errors="0" timestamp="2024-03-19T12:38:28 IST">
  <testcase classname="Com.Ecommerce.TestCases.TC_LoginDataTest" name="LoginData" time="5.241"/>
  <testcase classname="Com.Ecommerce.TestCases.TC_LoginDataTest" name="LoginData" time="3.835"/>
  <testcase classname="Com.Ecommerce.TestCases.TC_LoginDataTest" name="LoginData" time="3.68"/>
  <testcase classname="Com.Ecommerce.TestCases.TC_LoginDataTest" name="LoginData" time="3.732"/>
</testsuite> <!-- Test -->
