<?xml version="1.0" encoding="UTF-8"?>
<!-- Generated by org.testng.reporters.JUnitXMLReporter -->
<testsuite ignored="0" hostname="Shubham-Kahure" failures="1" tests="1" name="Test" time="11.465" errors="0" timestamp="2024-03-19T19:29:41 IST">
  <testcase classname="Com.Ecommerce.TestCases.TC_LoginApplication" name="Login" time="2.677">
    <failure type="java.lang.AssertionError">
      <![CDATA[java.lang.AssertionError: 
at Com.Ecommerce.TestCases.TC_LoginApplication.Login(TC_LoginApplication.java:43)
at java.base/java.util.ArrayList.forEach(ArrayList.java:1511)
... Removed 34 stack frames]]>
    </failure>
  </testcase> <!-- Login -->
</testsuite> <!-- Test -->
