<?xml version="1.0" encoding="UTF-8"?>
<testng-results ignored="0" total="4" passed="4" failed="0" skipped="0">
  <reporter-output>
  </reporter-output>
  <suite started-at="2024-03-19T12:37:42 IST" name="Suite" finished-at="2024-03-19T12:38:27 IST" duration-ms="45024">
    <groups>
    </groups>
    <test started-at="2024-03-19T12:37:42 IST" name="Test" finished-at="2024-03-19T12:38:27 IST" duration-ms="45024">
      <class name="Com.Ecommerce.TestCases.TC_LoginDataTest">
        <test-method is-config="true" signature="initialization(java.lang.String)[pri:0, instance:Com.Ecommerce.TestCases.TC_LoginDataTest@5be49b60]" started-at="2024-03-19T12:37:44 IST" name="initialization" finished-at="2024-03-19T12:37:48 IST" duration-ms="4142" status="PASS">
          <params>
            <param index="0">
              <value>
                <![CDATA[Chrome]]>
              </value>
            </param>
          </params>
          <reporter-output>
          </reporter-output>
        </test-method> <!-- initialization -->
        <test-method signature="LoginData(java.lang.String,java.lang.String,java.lang.String)[pri:0, instance:Com.Ecommerce.TestCases.TC_LoginDataTest@5be49b60]" started-at="2024-03-19T12:37:48 IST" name="LoginData" data-provider="Logindata" finished-at="2024-03-19T12:37:53 IST" duration-ms="5241" status="PASS">
          <params>
            <param index="0">
              <value>
                <![CDATA[shubhamkahure@gmail.com]]>
              </value>
            </param>
            <param index="1">
              <value>
                <![CDATA[shubhamkahure@gmail.com]]>
              </value>
            </param>
            <param index="2">
              <value>
                <![CDATA[Valid]]>
              </value>
            </param>
          </params>
          <reporter-output>
          </reporter-output>
        </test-method> <!-- LoginData -->
        <test-method is-config="true" signature="Teardown()[pri:0, instance:Com.Ecommerce.TestCases.TC_LoginDataTest@5be49b60]" started-at="2024-03-19T12:37:53 IST" name="Teardown" finished-at="2024-03-19T12:37:56 IST" duration-ms="3528" status="PASS">
          <reporter-output>
          </reporter-output>
        </test-method> <!-- Teardown -->
        <test-method is-config="true" signature="initialization(java.lang.String)[pri:0, instance:Com.Ecommerce.TestCases.TC_LoginDataTest@5be49b60]" started-at="2024-03-19T12:37:56 IST" name="initialization" finished-at="2024-03-19T12:37:59 IST" duration-ms="2978" status="PASS">
          <params>
            <param index="0">
              <value>
                <![CDATA[Chrome]]>
              </value>
            </param>
          </params>
          <reporter-output>
          </reporter-output>
        </test-method> <!-- initialization -->
        <test-method signature="LoginData(java.lang.String,java.lang.String,java.lang.String)[pri:0, instance:Com.Ecommerce.TestCases.TC_LoginDataTest@5be49b60]" started-at="2024-03-19T12:37:59 IST" name="LoginData" data-provider="Logindata" finished-at="2024-03-19T12:38:03 IST" duration-ms="3835" status="PASS">
          <params>
            <param index="0">
              <value>
                <![CDATA[shubhamkahure@gmail.com]]>
              </value>
            </param>
            <param index="1">
              <value>
                <![CDATA[shubhamkahure12@gmail.com]]>
              </value>
            </param>
            <param index="2">
              <value>
                <![CDATA[Invalid]]>
              </value>
            </param>
          </params>
          <reporter-output>
          </reporter-output>
        </test-method> <!-- LoginData -->
        <test-method is-config="true" signature="Teardown()[pri:0, instance:Com.Ecommerce.TestCases.TC_LoginDataTest@5be49b60]" started-at="2024-03-19T12:38:03 IST" name="Teardown" finished-at="2024-03-19T12:38:07 IST" duration-ms="3418" status="PASS">
          <reporter-output>
          </reporter-output>
        </test-method> <!-- Teardown -->
        <test-method is-config="true" signature="initialization(java.lang.String)[pri:0, instance:Com.Ecommerce.TestCases.TC_LoginDataTest@5be49b60]" started-at="2024-03-19T12:38:07 IST" name="initialization" finished-at="2024-03-19T12:38:10 IST" duration-ms="2939" status="PASS">
          <params>
            <param index="0">
              <value>
                <![CDATA[Chrome]]>
              </value>
            </param>
          </params>
          <reporter-output>
          </reporter-output>
        </test-method> <!-- initialization -->
        <test-method signature="LoginData(java.lang.String,java.lang.String,java.lang.String)[pri:0, instance:Com.Ecommerce.TestCases.TC_LoginDataTest@5be49b60]" started-at="2024-03-19T12:38:10 IST" name="LoginData" data-provider="Logindata" finished-at="2024-03-19T12:38:13 IST" duration-ms="3680" status="PASS">
          <params>
            <param index="0">
              <value>
                <![CDATA[shubhamkahure12@gmail.com]]>
              </value>
            </param>
            <param index="1">
              <value>
                <![CDATA[shubhamkahure@gmail.com]]>
              </value>
            </param>
            <param index="2">
              <value>
                <![CDATA[Invalid]]>
              </value>
            </param>
          </params>
          <reporter-output>
          </reporter-output>
        </test-method> <!-- LoginData -->
        <test-method is-config="true" signature="Teardown()[pri:0, instance:Com.Ecommerce.TestCases.TC_LoginDataTest@5be49b60]" started-at="2024-03-19T12:38:13 IST" name="Teardown" finished-at="2024-03-19T12:38:17 IST" duration-ms="3596" status="PASS">
          <reporter-output>
          </reporter-output>
        </test-method> <!-- Teardown -->
        <test-method is-config="true" signature="initialization(java.lang.String)[pri:0, instance:Com.Ecommerce.TestCases.TC_LoginDataTest@5be49b60]" started-at="2024-03-19T12:38:17 IST" name="initialization" finished-at="2024-03-19T12:38:20 IST" duration-ms="2833" status="PASS">
          <params>
            <param index="0">
              <value>
                <![CDATA[Chrome]]>
              </value>
            </param>
          </params>
          <reporter-output>
          </reporter-output>
        </test-method> <!-- initialization -->
        <test-method signature="LoginData(java.lang.String,java.lang.String,java.lang.String)[pri:0, instance:Com.Ecommerce.TestCases.TC_LoginDataTest@5be49b60]" started-at="2024-03-19T12:38:20 IST" name="LoginData" data-provider="Logindata" finished-at="2024-03-19T12:38:23 IST" duration-ms="3732" status="PASS">
          <params>
            <param index="0">
              <value>
                <![CDATA[shubhamkahure12@gmail.com]]>
              </value>
            </param>
            <param index="1">
              <value>
                <![CDATA[shubhamkahure12@gmail.com]]>
              </value>
            </param>
            <param index="2">
              <value>
                <![CDATA[Invalid]]>
              </value>
            </param>
          </params>
          <reporter-output>
          </reporter-output>
        </test-method> <!-- LoginData -->
        <test-method is-config="true" signature="Teardown()[pri:0, instance:Com.Ecommerce.TestCases.TC_LoginDataTest@5be49b60]" started-at="2024-03-19T12:38:23 IST" name="Teardown" finished-at="2024-03-19T12:38:27 IST" duration-ms="3602" status="PASS">
          <reporter-output>
          </reporter-output>
        </test-method> <!-- Teardown -->
      </class> <!-- Com.Ecommerce.TestCases.TC_LoginDataTest -->
    </test> <!-- Test -->
  </suite> <!-- Suite -->
</testng-results>
